<?xml version="1.0" encoding="UTF-8"?>
<!-- Generated by org.testng.reporters.JUnitReportReporter -->
<testsuite hostname="Aliaksandras-MacBook-Pro.local" failures="0" tests="2" name="mailTests.MailMessageTest" time="31.101" errors="0" timestamp="2021-11-25T17:06:54 MSK" skipped="0">
  <testcase classname="mailTests.MailMessageTest" name="replyOnMessage" time="19.968"/>
  <system-out/>
  <testcase classname="mailTests.MailMessageTest" name="deleteMessage" time="11.133"/>
  <system-out/>
</testsuite> <!-- mailTests.MailMessageTest -->
